<?xml version="1.0" encoding="UTF-8"?>
<!-- Generated by org.testng.reporters.JUnitXMLReporter -->
<testsuite hostname="LT-111" ignored="0" name="Default test" tests="3" failures="0" timestamp="06 Jan 2019 13:37:09 GMT" time="70.299" errors="0">
  <testcase name="signInPageTitleTest" time="0.073" classname="com.brightside.mentoring.testcases.SignInPageTest"/>
  <testcase name="brightsideLogoTest" time="0.613" classname="com.brightside.mentoring.testcases.SignInPageTest"/>
  <testcase name="signInTest" time="2.742" classname="com.brightside.mentoring.testcases.SignInPageTest"/>
</testsuite> <!-- Default test -->
